<?xml version="1.0" encoding="UTF-8"?>
<testsuite name="CalculaPrecoPrazo.CalculoDePrecosEPrazosDeEntrega" tests="2" failures="0" errors="0" time="43.218"><properties><property name="java.runtime.name" value="Java(TM) SE Runtime Environment"/><property name="sun.boot.library.path" value="C:\Program Files\Java\jre1.8.0_201\bin"/><property name="java.vm.version" value="25.201-b09"/><property name="java.vm.vendor" value="Oracle Corporation"/><property name="java.vendor.url" value="http://java.oracle.com/"/><property name="path.separator" value=";"/><property name="java.vm.name" value="Java HotSpot(TM) 64-Bit Server VM"/><property name="file.encoding.pkg" value="sun.io"/><property name="user.country" value="BR"/><property name="user.script" value=""/><property name="sun.java.launcher" value="SUN_STANDARD"/><property name="sun.os.patch.level" value=""/><property name="java.vm.specification.name" value="Java Virtual Machine Specification"/><property name="user.dir" value="C:\Projeto_Novo\Teste_Unisys\Desafio_Unisys"/><property name="java.runtime.version" value="1.8.0_201-b09"/><property name="java.awt.graphicsenv" value="sun.awt.Win32GraphicsEnvironment"/><property name="java.endorsed.dirs" value="C:\Program Files\Java\jre1.8.0_201\lib\endorsed"/><property name="os.arch" value="amd64"/><property name="java.io.tmpdir" value="C:\Users\ORLAND~1\AppData\Local\Temp\"/><property name="line.separator" value="
"/><property name="java.vm.specification.vendor" value="Oracle Corporation"/><property name="user.variant" value=""/><property name="os.name" value="Windows 10"/><property name="sun.jnu.encoding" value="Cp1252"/><property name="java.library.path" value="C:\Program Files\Java\jre1.8.0_201\bin;C:\WINDOWS\Sun\Java\bin;C:\WINDOWS\system32;C:\WINDOWS;C:/Program Files/Java/jre1.8.0_201/bin/server;C:/Program Files/Java/jre1.8.0_201/bin;C:/Program Files/Java/jre1.8.0_201/lib/amd64;C:\Program Files (x86)\Common Files\Oracle\Java\javapath;C:\ProgramData\Oracle\Java\javapath;C:\Program Files (x86)\Intel\iCLS Client\;C:\Program Files\Intel\iCLS Client\;C:\WINDOWS\system32;C:\WINDOWS;C:\WINDOWS\System32\Wbem;C:\WINDOWS\System32\WindowsPowerShell\v1.0\;C:\Program Files\Intel\Intel(R) Management Engine Components\DAL;C:\Program Files\Intel\Intel(R) Management Engine Components\IPT;C:\Program Files (x86)\Intel\Intel(R) Management Engine Components\DAL;C:\Program Files (x86)\Intel\Intel(R) Management Engine Components\IPT;C:\Program Files (x86)\Windows Live\Shared;C:\HashiCorp\Vagrant\bin;C:\WINDOWS\System32\OpenSSH\;C:\Program Files\PuTTY\;C:\apache-maven-3.5.4\bin;C:\Program Files\nodejs\;C:\Program Files\TortoiseSVN\bin;C:\Program Files\Git\cmd;C:\Users\orlando09\AppData\Local\Microsoft\WindowsApps;;C:\Program Files\Microsoft VS Code\bin;C:\Users\orlando09\AppData\Roaming\npm;C:\Program Files\JetBrains\IntelliJ IDEA Community Edition 2018.3.5\bin;;C:\Users\orlando09\Downloads\sts-4.5.1.RELEASE;;."/><property name="sun.awt.enableExtraMouseButtons" value="true"/><property name="java.specification.name" value="Java Platform API Specification"/><property name="java.class.version" value="52.0"/><property name="sun.management.compiler" value="HotSpot 64-Bit Tiered Compilers"/><property name="os.version" value="10.0"/><property name="user.home" value="C:\Users\orlando09"/><property name="user.timezone" value="America/Sao_Paulo"/><property name="java.awt.printerjob" value="sun.awt.windows.WPrinterJob"/><property name="file.encoding" value="Cp1252"/><property name="java.specification.version" value="1.8"/><property name="java.class.path" value="C:\Projeto_Novo\Teste_Unisys\Desafio_Unisys\target\test-classes;C:\Projeto_Novo\Teste_Unisys\Desafio_Unisys\target\classes;C:\Users\orlando09\.m2\repository\junit\junit\4.12\junit-4.12.jar;C:\Users\orlando09\.m2\repository\org\hamcrest\hamcrest-core\1.3\hamcrest-core-1.3.jar;C:\Users\orlando09\.m2\repository\info\cukes\cucumber-junit\1.2.5\cucumber-junit-1.2.5.jar;C:\Users\orlando09\.m2\repository\info\cukes\cucumber-java\1.2.5\cucumber-java-1.2.5.jar;C:\Users\orlando09\.m2\repository\info\cukes\cucumber-core\1.2.5\cucumber-core-1.2.5.jar;C:\Users\orlando09\.m2\repository\info\cukes\cucumber-html\0.2.3\cucumber-html-0.2.3.jar;C:\Users\orlando09\.m2\repository\info\cukes\cucumber-jvm-deps\1.0.5\cucumber-jvm-deps-1.0.5.jar;C:\Users\orlando09\.m2\repository\info\cukes\gherkin\2.12.2\gherkin-2.12.2.jar;C:\Users\orlando09\.m2\repository\io\cucumber\gherkin\4.1.3\gherkin-4.1.3.jar;C:\Users\orlando09\.m2\repository\io\cucumber\gherkin-jvm-deps\1.0.4\gherkin-jvm-deps-1.0.4.jar;C:\Users\orlando09\.m2\repository\io\cucumber\cucumber-jvm-deps\1.0.6\cucumber-jvm-deps-1.0.6.jar;C:\Users\orlando09\.m2\repository\org\seleniumhq\selenium\selenium-java\3.141.59\selenium-java-3.141.59.jar;C:\Users\orlando09\.m2\repository\org\seleniumhq\selenium\selenium-api\3.141.59\selenium-api-3.141.59.jar;C:\Users\orlando09\.m2\repository\org\seleniumhq\selenium\selenium-chrome-driver\3.141.59\selenium-chrome-driver-3.141.59.jar;C:\Users\orlando09\.m2\repository\org\seleniumhq\selenium\selenium-edge-driver\3.141.59\selenium-edge-driver-3.141.59.jar;C:\Users\orlando09\.m2\repository\org\seleniumhq\selenium\selenium-firefox-driver\3.141.59\selenium-firefox-driver-3.141.59.jar;C:\Users\orlando09\.m2\repository\org\seleniumhq\selenium\selenium-ie-driver\3.141.59\selenium-ie-driver-3.141.59.jar;C:\Users\orlando09\.m2\repository\org\seleniumhq\selenium\selenium-opera-driver\3.141.59\selenium-opera-driver-3.141.59.jar;C:\Users\orlando09\.m2\repository\org\seleniumhq\selenium\selenium-remote-driver\3.141.59\selenium-remote-driver-3.141.59.jar;C:\Users\orlando09\.m2\repository\org\seleniumhq\selenium\selenium-safari-driver\3.141.59\selenium-safari-driver-3.141.59.jar;C:\Users\orlando09\.m2\repository\org\seleniumhq\selenium\selenium-support\3.141.59\selenium-support-3.141.59.jar;C:\Users\orlando09\.m2\repository\net\bytebuddy\byte-buddy\1.8.15\byte-buddy-1.8.15.jar;C:\Users\orlando09\.m2\repository\org\apache\commons\commons-exec\1.3\commons-exec-1.3.jar;C:\Users\orlando09\.m2\repository\com\google\guava\guava\25.0-jre\guava-25.0-jre.jar;C:\Users\orlando09\.m2\repository\com\google\code\findbugs\jsr305\1.3.9\jsr305-1.3.9.jar;C:\Users\orlando09\.m2\repository\org\checkerframework\checker-compat-qual\2.0.0\checker-compat-qual-2.0.0.jar;C:\Users\orlando09\.m2\repository\com\google\errorprone\error_prone_annotations\2.1.3\error_prone_annotations-2.1.3.jar;C:\Users\orlando09\.m2\repository\com\google\j2objc\j2objc-annotations\1.1\j2objc-annotations-1.1.jar;C:\Users\orlando09\.m2\repository\com\squareup\okhttp3\okhttp\3.11.0\okhttp-3.11.0.jar;C:\Users\orlando09\.m2\repository\com\squareup\okio\okio\1.14.0\okio-1.14.0.jar;C:\Users\orlando09\.m2\repository\com\smartbear\soapui\soapui\5.2.1\soapui-5.2.1.jar;C:\Users\orlando09\.m2\repository\xmlbeans\xbean\fixed-2.4.0\xbean-fixed-2.4.0.jar;C:\Users\orlando09\.m2\repository\xmlbeans\xbean_xpath\2.4.0\xbean_xpath-2.4.0.jar;C:\Users\orlando09\.m2\repository\xmlbeans\xmlpublic\2.4.0\xmlpublic-2.4.0.jar;C:\Users\orlando09\.m2\repository\javax\xml\bind\jsr173_api\1.0\jsr173_api-1.0.jar;C:\Users\orlando09\.m2\repository\commons-collections\commons-collections\3.2.1\commons-collections-3.2.1.jar;C:\Users\orlando09\.m2\repository\commons-lang\commons-lang\2.4\commons-lang-2.4.jar;C:\Users\orlando09\.m2\repository\commons-io\commons-io\2.4\commons-io-2.4.jar;C:\Users\orlando09\.m2\repository\log4j\log4j\1.2.14\log4j-1.2.14.jar;C:\Users\orlando09\.m2\repository\commons-logging\commons-logging\1.1.1\commons-logging-1.1.1.jar;C:\Users\orlando09\.m2\repository\com\smartbear\utils\analytics\analytics-core\5.2.1\analytics-core-5.2.1.jar;C:\Users\orlando09\.m2\repository\com\smartbear\utils\analytics\out-app-analytics-provider\5.2.1\out-app-analytics-provider-5.2.1.jar;C:\Users\orlando09\.m2\repository\com\jgoodies\forms\1.0.7\forms-1.0.7.jar;C:\Users\orlando09\.m2\repository\com\jgoodies\looks\2.2.0\looks-2.2.0.jar;C:\Users\orlando09\.m2\repository\com\jgoodies\binding\2.0.1\binding-2.0.1.jar;C:\Users\orlando09\.m2\repository\com\fifesoft\rsyntaxtextarea\2.5.0\rsyntaxtextarea-2.5.0.jar;C:\Users\orlando09\.m2\repository\jetty\jetty\6.1.26\jetty-6.1.26.jar;C:\Users\orlando09\.m2\repository\jetty\jetty-util\6.1.26\jetty-util-6.1.26.jar;C:\Users\orlando09\.m2\repository\jetty\servlet-api\2.5-20081211\servlet-api-2.5-20081211.jar;C:\Users\orlando09\.m2\repository\org\apache\ws\security\wss4j\1.6.16\wss4j-1.6.16.jar;C:\Users\orlando09\.m2\repository\org\opensaml\opensaml\2.5.1-1\opensaml-2.5.1-1.jar;C:\Users\orlando09\.m2\repository\org\opensaml\openws\1.4.2-1\openws-1.4.2-1.jar;C:\Users\orlando09\.m2\repository\org\opensaml\xmltooling\1.3.2-1\xmltooling-1.3.2-1.jar;C:\Users\orlando09\.m2\repository\joda-time\joda-time\1.6.2\joda-time-1.6.2.jar;C:\Users\orlando09\.m2\repository\net\sourceforge\htmlunit\htmlunit\2.7\htmlunit-2.7.jar;C:\Users\orlando09\.m2\repository\xerces\xercesImpl\2.9.1\xercesImpl-2.9.1.jar;C:\Users\orlando09\.m2\repository\org\w3c\css\sac\1.3\sac-1.3.jar;C:\Users\orlando09\.m2\repository\net\sourceforge\htmlunit\htmlunit-core-js\2.7\htmlunit-core-js-2.7.jar;C:\Users\orlando09\.m2\repository\org\apache\httpcomponents\httpclient\4.1.1\httpclient-4.1.1.jar;C:\Users\orlando09\.m2\repository\org\apache\httpcomponents\httpmime\4.1.1\httpmime-4.1.1.jar;C:\Users\orlando09\.m2\repository\org\apache\httpcomponents\httpclient-cache\4.1.1\httpclient-cache-4.1.1.jar;C:\Users\orlando09\.m2\repository\org\apache\httpcomponents\httpcore\4.1.1\httpcore-4.1.1.jar;C:\Users\orlando09\.m2\repository\org\apache\httpcomponents\httpcore-nio\4.1.1\httpcore-nio-4.1.1.jar;C:\Users\orlando09\.m2\repository\org\apache\oltu\oauth2\org.apache.oltu.oauth2.client\0.31\org.apache.oltu.oauth2.client-0.31.jar;C:\Users\orlando09\.m2\repository\org\apache\oltu\oauth2\org.apache.oltu.oauth2.common\0.31\org.apache.oltu.oauth2.common-0.31.jar;C:\Users\orlando09\.m2\repository\org\codehaus\jettison\jettison\1.2\jettison-1.2.jar;C:\Users\orlando09\.m2\repository\org\slf4j\slf4j-api\1.6.1\slf4j-api-1.6.1.jar;C:\Users\orlando09\.m2\repository\org\apache\oltu\oauth2\org.apache.oltu.oauth2.httpclient4\0.31\org.apache.oltu.oauth2.httpclient4-0.31.jar;C:\Users\orlando09\.m2\repository\org\apache\maven\maven-plugin-api\2.0\maven-plugin-api-2.0.jar;C:\Users\orlando09\.m2\repository\javax\activation\activation\1.1\activation-1.1.jar;C:\Users\orlando09\.m2\repository\javax\mail\mail\1.4\mail-1.4.jar;C:\Users\orlando09\.m2\repository\wsdl4j\wsdl4j\1.6.2-fixed\wsdl4j-1.6.2-fixed.jar;C:\Users\orlando09\.m2\repository\commons-ssl\not-yet-commons-ssl\0.3.11\not-yet-commons-ssl-0.3.11.jar;C:\Users\orlando09\.m2\repository\commons-cli\commons-cli\1.2\commons-cli-1.2.jar;C:\Users\orlando09\.m2\repository\commons-beanutils\commons-beanutils\1.7.0\commons-beanutils-1.7.0.jar;C:\Users\orlando09\.m2\repository\json\json-lib\2.2.2-jdk15\json-lib-2.2.2-jdk15.jar;C:\Users\orlando09\.m2\repository\ezmorph\ezmorph\1.0.5\ezmorph-1.0.5.jar;C:\Users\orlando09\.m2\repository\xom\xom\1.1\xom-1.1.jar;C:\Users\orlando09\.m2\repository\xerces\xmlParserAPIs\2.6.2\xmlParserAPIs-2.6.2.jar;C:\Users\orlando09\.m2\repository\jaxen\jaxen\1.1-beta-8\jaxen-1.1-beta-8.jar;C:\Users\orlando09\.m2\repository\jdom\jdom\1.0\jdom-1.0.jar;C:\Users\orlando09\.m2\repository\swingx\swingx\soapui\swingx-soapui.jar;C:\Users\orlando09\.m2\repository\commons-codec\commons-codec\1.3\commons-codec-1.3.jar;C:\Users\orlando09\.m2\repository\org\codehaus\groovy\groovy-all\2.1.7\groovy-all-2.1.7.jar;C:\Users\orlando09\.m2\repository\rhino\js\1.7R2\js-1.7R2.jar;C:\Users\orlando09\.m2\repository\saxon\saxon\9.1.0.8j\saxon-9.1.0.8j.jar;C:\Users\orlando09\.m2\repository\saxon\saxon-dom\9.1.0.8j\saxon-dom-9.1.0.8j.jar;C:\Users\orlando09\.m2\repository\xmlunit\xmlunit\1.2\xmlunit-1.2.jar;C:\Users\orlando09\.m2\repository\xalan\xalan\2.7.1\xalan-2.7.1.jar;C:\Users\orlando09\.m2\repository\bouncycastle\bcprov-jdk15\144\bcprov-jdk15-144.jar;C:\Users\orlando09\.m2\repository\jtidy\jtidy\r872-jdk15\jtidy-r872-jdk15.jar;C:\Users\orlando09\.m2\repository\javax\jms\jms\1.1\jms-1.1.jar;C:\Users\orlando09\.m2\repository\hermesjms\hermes\1.14\hermes-1.14.jar;C:\Users\orlando09\.m2\repository\amf\flex-messaging-common\1.0\flex-messaging-common-1.0.jar;C:\Users\orlando09\.m2\repository\amf\flex-messaging-core\1.0\flex-messaging-core-1.0.jar;C:\Users\orlando09\.m2\repository\amf\flex-messaging-opt\1.0\flex-messaging-opt-1.0.jar;C:\Users\orlando09\.m2\repository\amf\flex-messaging-proxy\1.0\flex-messaging-proxy-1.0.jar;C:\Users\orlando09\.m2\repository\amf\flex-messaging-remoting\1.0\flex-messaging-remoting-1.0.jar;C:\Users\orlando09\.m2\repository\thoughtworks\xstream\1.3.1\xstream-1.3.1.jar;C:\Users\orlando09\.m2\repository\net\sourceforge\cssparser\cssparser\0.9.5\cssparser-0.9.5.jar;C:\Users\orlando09\.m2\repository\net\sourceforge\nekohtml\nekohtml\1.9.14\nekohtml-1.9.14.jar;C:\Users\orlando09\.m2\repository\org\samba\jcifs\jcifs\1.2.9\jcifs-1.2.9.jar;C:\Users\orlando09\.m2\repository\l2fprod\l2fprod-common-directorychooser\7.3\l2fprod-common-directorychooser-7.3.jar;C:\Users\orlando09\.m2\repository\l2fprod\l2fprod-common-fontchooser\7.3\l2fprod-common-fontchooser-7.3.jar;C:\Users\orlando09\.m2\repository\org\apache\santuario\xmlsec\1.4.5\xmlsec-1.4.5.jar;C:\Users\orlando09\.m2\repository\org\apache\xerces\xml-apis\2.9.1\xml-apis-2.9.1.jar;C:\Users\orlando09\.m2\repository\xalan\serializer\2.7.1\serializer-2.7.1.jar;C:\Users\orlando09\.m2\repository\xml-apis\xml-apis\1.3.04\xml-apis-1.3.04.jar;C:\Users\orlando09\.m2\repository\gnu\cajo\cajo\1.142\cajo-1.142.jar;C:\Users\orlando09\.m2\repository\org\apache\ws\commons\util\ws-commons-util\1.0.2\ws-commons-util-1.0.2.jar;C:\Users\orlando09\.m2\repository\com\btr\proxy-vole\20131209\proxy-vole-20131209.jar;C:\Users\orlando09\.m2\repository\com\jayway\jsonpath\json-path\0.9.1\json-path-0.9.1.jar;C:\Users\orlando09\.m2\repository\net\minidev\json-smart\1.2\json-smart-1.2.jar;C:\Users\orlando09\.m2\repository\commons-httpclient\commons-httpclient\3.1\commons-httpclient-3.1.jar;C:\Users\orlando09\.m2\repository\org\sonatype\install4j\i4jruntime\5.1.14\i4jruntime-5.1.14.jar;C:\Users\orlando09\.m2\repository\org\codehaus\mojo\animal-sniffer-annotations\1.11\animal-sniffer-annotations-1.11.jar;C:\Users\orlando09\.m2\repository\org\reflections\reflections\0.9.9-RC1\reflections-0.9.9-RC1.jar;C:\Users\orlando09\.m2\repository\org\javassist\javassist\3.16.1-GA\javassist-3.16.1-GA.jar;C:\Users\orlando09\.m2\repository\dom4j\dom4j\1.6.1\dom4j-1.6.1.jar;C:\Users\orlando09\Downloads\sts-4.5.1.RELEASE\configuration\org.eclipse.osgi\241\0\.cp;C:\Users\orlando09\Downloads\sts-4.5.1.RELEASE\configuration\org.eclipse.osgi\240\0\.cp"/><property name="user.name" value="orlando09"/><property name="java.vm.specification.version" value="1.8"/><property name="sun.java.command" value="org.eclipse.jdt.internal.junit.runner.RemoteTestRunner -version 3 -port 64035 -testLoaderClass org.eclipse.jdt.internal.junit4.runner.JUnit4TestLoader -loaderpluginname org.eclipse.jdt.junit4.runtime -classNames ServiceTests.RunTest"/><property name="java.home" value="C:\Program Files\Java\jre1.8.0_201"/><property name="sun.arch.data.model" value="64"/><property name="user.language" value="pt"/><property name="java.specification.vendor" value="Oracle Corporation"/><property name="awt.toolkit" value="sun.awt.windows.WToolkit"/><property name="java.vm.info" value="mixed mode"/><property name="java.version" value="1.8.0_201"/><property name="java.ext.dirs" value="C:\Program Files\Java\jre1.8.0_201\lib\ext;C:\WINDOWS\Sun\Java\lib\ext"/><property name="sun.boot.class.path" value="C:\Program Files\Java\jre1.8.0_201\lib\resources.jar;C:\Program Files\Java\jre1.8.0_201\lib\rt.jar;C:\Program Files\Java\jre1.8.0_201\lib\sunrsasign.jar;C:\Program Files\Java\jre1.8.0_201\lib\jsse.jar;C:\Program Files\Java\jre1.8.0_201\lib\jce.jar;C:\Program Files\Java\jre1.8.0_201\lib\charsets.jar;C:\Program Files\Java\jre1.8.0_201\lib\jfr.jar;C:\Program Files\Java\jre1.8.0_201\classes"/><property name="java.vendor" value="Oracle Corporation"/><property name="file.separator" value="\"/><property name="java.vendor.url.bug" value="http://bugreport.sun.com/bugreport/"/><property name="sun.io.unicode.encoding" value="UnicodeLittle"/><property name="sun.cpu.endian" value="little"/><property name="sun.desktop" value="windows"/><property name="sun.cpu.isalist" value="amd64"/></properties><testcase name="Cálculo de preço e prazo de entrega com dados válidos" time="22.1"/><testcase name="Cálculo de preço e prazo de entrega com Cep de origem inválido" time="21.118"/></testsuite>